2015-10-06 12:02:11 EDT [28465]: [1-1] user=,db=,app=,client= LOG:  database system was shut down at 2015-10-06 12:02:04 EDT
2015-10-06 12:02:11 EDT [28465]: [2-1] user=,db=,app=,client= LOG:  MultiXact member wraparound protections are now enabled
2015-10-06 12:02:11 EDT [28464]: [1-1] user=,db=,app=,client= LOG:  database system is ready to accept connections
2015-10-06 12:02:11 EDT [28470]: [1-1] user=,db=,app=,client= LOG:  autovacuum launcher started
2015-10-06 12:02:12 EDT [28467]: [1-1] user=,db=,app=,client= LOG:  checkpoint starting: immediate force wait flush-all
2015-10-06 12:02:12 EDT [28467]: [2-1] user=,db=,app=,client= LOG:  checkpoint complete: wrote 9 buffers (0.0%); 0 transaction log file(s) added, 0 removed, 0 recycled; write=0.001 s, sync=0.040 s, total=0.074 s; sync files=9, longest=0.007 s, average=0.004 s; distance=4 kB, estimate=4 kB
2015-10-06 12:02:14 EDT [28467]: [3-1] user=,db=,app=,client= LOG:  checkpoint starting: immediate force wait
2015-10-06 12:02:14 EDT [28467]: [4-1] user=,db=,app=,client= LOG:  checkpoint complete: wrote 0 buffers (0.0%); 0 transaction log file(s) added, 0 removed, 0 recycled; write=0.000 s, sync=0.000 s, total=0.013 s; sync files=0, longest=0.000 s, average=0.000 s; distance=0 kB, estimate=3 kB
2015-10-06 12:03:02 EDT [28731]: [1-1] user=mark,db=dbt3,app=psql,client=[local] LOG:  Getting relation statistics for public.region
2015-10-06 12:03:02 EDT [28731]: [2-1] user=mark,db=dbt3,app=psql,client=[local] STATEMENT:  VACUUM ANALYZE region;
2015-10-06 12:03:02 EDT [28728]: [1-1] user=mark,db=dbt3,app=psql,client=[local] LOG:  Getting relation statistics for public.nation
2015-10-06 12:03:02 EDT [28728]: [2-1] user=mark,db=dbt3,app=psql,client=[local] STATEMENT:  VACUUM ANALYZE nation;
2015-10-06 12:03:02 EDT [28731]: [3-1] user=mark,db=dbt3,app=psql,client=[local] LOG:  Getting relation statistics for public.region
2015-10-06 12:03:02 EDT [28731]: [4-1] user=mark,db=dbt3,app=psql,client=[local] STATEMENT:  VACUUM ANALYZE region;
2015-10-06 12:03:02 EDT [28731]: [5-1] user=mark,db=dbt3,app=psql,client=[local] LOG:  Getting detailed statistics for public.region
2015-10-06 12:03:02 EDT [28731]: [6-1] user=mark,db=dbt3,app=psql,client=[local] STATEMENT:  VACUUM ANALYZE region;
2015-10-06 12:03:02 EDT [28728]: [3-1] user=mark,db=dbt3,app=psql,client=[local] LOG:  Getting relation statistics for public.nation
2015-10-06 12:03:02 EDT [28728]: [4-1] user=mark,db=dbt3,app=psql,client=[local] STATEMENT:  VACUUM ANALYZE nation;
2015-10-06 12:03:03 EDT [28728]: [5-1] user=mark,db=dbt3,app=psql,client=[local] LOG:  Getting detailed statistics for public.nation
2015-10-06 12:03:03 EDT [28728]: [6-1] user=mark,db=dbt3,app=psql,client=[local] STATEMENT:  VACUUM ANALYZE nation;
2015-10-06 12:03:06 EDT [28737]: [1-1] user=mark,db=dbt3,app=psql,client=[local] LOG:  process 28737 still waiting for AccessExclusiveLock on relation 16387 of database 16386 after 1000.030 ms
2015-10-06 12:03:06 EDT [28737]: [2-1] user=mark,db=dbt3,app=psql,client=[local] DETAIL:  Processes holding the lock: 28736, 28738. Wait queue: 28737.
2015-10-06 12:03:06 EDT [28737]: [3-1] user=mark,db=dbt3,app=psql,client=[local] STATEMENT:  
	ALTER TABLE supplier
	ADD CONSTRAINT pk_supplier PRIMARY KEY (s_suppkey);
2015-10-06 12:03:11 EDT [28737]: [4-1] user=mark,db=dbt3,app=psql,client=[local] LOG:  process 28737 acquired AccessExclusiveLock on relation 16387 of database 16386 after 5333.179 ms
2015-10-06 12:03:11 EDT [28737]: [5-1] user=mark,db=dbt3,app=psql,client=[local] STATEMENT:  
	ALTER TABLE supplier
	ADD CONSTRAINT pk_supplier PRIMARY KEY (s_suppkey);
2015-10-06 12:03:17 EDT [28748]: [1-1] user=mark,db=dbt3,app=psql,client=[local] LOG:  Getting relation statistics for public.supplier
2015-10-06 12:03:17 EDT [28748]: [2-1] user=mark,db=dbt3,app=psql,client=[local] STATEMENT:  VACUUM ANALYZE supplier;
2015-10-06 12:03:18 EDT [28748]: [3-1] user=mark,db=dbt3,app=psql,client=[local] LOG:  Getting relation statistics for public.supplier
2015-10-06 12:03:18 EDT [28748]: [4-1] user=mark,db=dbt3,app=psql,client=[local] STATEMENT:  VACUUM ANALYZE supplier;
2015-10-06 12:03:18 EDT [28748]: [5-1] user=mark,db=dbt3,app=psql,client=[local] LOG:  Getting detailed statistics for public.supplier
2015-10-06 12:03:18 EDT [28748]: [6-1] user=mark,db=dbt3,app=psql,client=[local] STATEMENT:  VACUUM ANALYZE supplier;
2015-10-06 12:04:10 EDT [28793]: [1-1] user=mark,db=dbt3,app=psql,client=[local] LOG:  process 28793 still waiting for AccessExclusiveLock on relation 16390 of database 16386 after 1000.059 ms
2015-10-06 12:04:10 EDT [28793]: [2-1] user=mark,db=dbt3,app=psql,client=[local] DETAIL:  Processes holding the lock: 28792, 28791, 28790. Wait queue: 28793, 28794.
2015-10-06 12:04:10 EDT [28793]: [3-1] user=mark,db=dbt3,app=psql,client=[local] STATEMENT:  
	ALTER TABLE part
	ADD CONSTRAINT pk_part PRIMARY KEY (p_partkey);
2015-10-06 12:04:10 EDT [28794]: [1-1] user=mark,db=dbt3,app=psql,client=[local] LOG:  process 28794 still waiting for ShareLock on relation 16390 of database 16386 after 1000.072 ms
2015-10-06 12:04:10 EDT [28794]: [2-1] user=mark,db=dbt3,app=psql,client=[local] DETAIL:  Processes holding the lock: 28792, 28791, 28790. Wait queue: 28793, 28794.
2015-10-06 12:04:10 EDT [28794]: [3-1] user=mark,db=dbt3,app=psql,client=[local] STATEMENT:  
	CREATE INDEX part_p_type_p_partkey_idx
	ON part(p_type, p_partkey);
2015-10-06 12:04:23 EDT [28812]: [1-1] user=mark,db=dbt3,app=psql,client=[local] LOG:  process 28812 still waiting for AccessExclusiveLock on relation 16396 of database 16386 after 1003.092 ms
2015-10-06 12:04:23 EDT [28812]: [2-1] user=mark,db=dbt3,app=psql,client=[local] DETAIL:  Processes holding the lock: 28809, 28810. Wait queue: 28812, 28814, 28815.
2015-10-06 12:04:23 EDT [28812]: [3-1] user=mark,db=dbt3,app=psql,client=[local] STATEMENT:  
	ALTER TABLE customer
	ADD CONSTRAINT pk_customer PRIMARY KEY (c_custkey);
2015-10-06 12:04:23 EDT [28814]: [1-1] user=mark,db=dbt3,app=psql,client=[local] LOG:  process 28814 still waiting for ShareLock on relation 16396 of database 16386 after 1000.031 ms
2015-10-06 12:04:23 EDT [28814]: [2-1] user=mark,db=dbt3,app=psql,client=[local] DETAIL:  Processes holding the lock: 28809, 28810. Wait queue: 28812, 28814, 28815.
2015-10-06 12:04:23 EDT [28814]: [3-1] user=mark,db=dbt3,app=psql,client=[local] STATEMENT:  
	CREATE INDEX customer_c_phone_idx_c_acctbal
	ON customer (substr(c_phone::text, 1, 2))
	WHERE c_acctbal > 0.00;
2015-10-06 12:04:23 EDT [28815]: [1-1] user=mark,db=dbt3,app=psql,client=[local] LOG:  process 28815 still waiting for ShareLock on relation 16396 of database 16386 after 1000.091 ms
2015-10-06 12:04:23 EDT [28815]: [2-1] user=mark,db=dbt3,app=psql,client=[local] DETAIL:  Processes holding the lock: 28809, 28810. Wait queue: 28812, 28814, 28815.
2015-10-06 12:04:23 EDT [28815]: [3-1] user=mark,db=dbt3,app=psql,client=[local] STATEMENT:  
	CREATE INDEX customer_c_nationkey_c_custkey_idx
	ON customer (c_nationkey, c_custkey);
2015-10-06 12:04:32 EDT [28793]: [4-1] user=mark,db=dbt3,app=psql,client=[local] LOG:  process 28793 acquired AccessExclusiveLock on relation 16390 of database 16386 after 22929.107 ms
2015-10-06 12:04:32 EDT [28793]: [5-1] user=mark,db=dbt3,app=psql,client=[local] STATEMENT:  
	ALTER TABLE part
	ADD CONSTRAINT pk_part PRIMARY KEY (p_partkey);
2015-10-06 12:04:38 EDT [28794]: [4-1] user=mark,db=dbt3,app=psql,client=[local] LOG:  process 28794 acquired ShareLock on relation 16390 of database 16386 after 29663.710 ms
2015-10-06 12:04:38 EDT [28794]: [5-1] user=mark,db=dbt3,app=psql,client=[local] STATEMENT:  
	CREATE INDEX part_p_type_p_partkey_idx
	ON part(p_type, p_partkey);
2015-10-06 12:04:40 EDT [28812]: [4-1] user=mark,db=dbt3,app=psql,client=[local] LOG:  process 28812 acquired AccessExclusiveLock on relation 16396 of database 16386 after 17224.405 ms
2015-10-06 12:04:40 EDT [28812]: [5-1] user=mark,db=dbt3,app=psql,client=[local] STATEMENT:  
	ALTER TABLE customer
	ADD CONSTRAINT pk_customer PRIMARY KEY (c_custkey);
2015-10-06 12:04:54 EDT [28814]: [4-1] user=mark,db=dbt3,app=psql,client=[local] LOG:  process 28814 acquired ShareLock on relation 16396 of database 16386 after 31352.666 ms
2015-10-06 12:04:54 EDT [28814]: [5-1] user=mark,db=dbt3,app=psql,client=[local] STATEMENT:  
	CREATE INDEX customer_c_phone_idx_c_acctbal
	ON customer (substr(c_phone::text, 1, 2))
	WHERE c_acctbal > 0.00;
2015-10-06 12:04:54 EDT [28815]: [4-1] user=mark,db=dbt3,app=psql,client=[local] LOG:  process 28815 acquired ShareLock on relation 16396 of database 16386 after 31327.541 ms
2015-10-06 12:04:54 EDT [28815]: [5-1] user=mark,db=dbt3,app=psql,client=[local] STATEMENT:  
	CREATE INDEX customer_c_nationkey_c_custkey_idx
	ON customer (c_nationkey, c_custkey);
2015-10-06 12:05:01 EDT [28857]: [1-1] user=mark,db=dbt3,app=psql,client=[local] LOG:  Getting relation statistics for public.part
2015-10-06 12:05:01 EDT [28857]: [2-1] user=mark,db=dbt3,app=psql,client=[local] STATEMENT:  VACUUM ANALYZE part;
2015-10-06 12:05:01 EDT [28857]: [3-1] user=mark,db=dbt3,app=psql,client=[local] LOG:  Getting relation statistics for public.part
2015-10-06 12:05:01 EDT [28857]: [4-1] user=mark,db=dbt3,app=psql,client=[local] STATEMENT:  VACUUM ANALYZE part;
2015-10-06 12:05:01 EDT [28857]: [5-1] user=mark,db=dbt3,app=psql,client=[local] LOG:  Getting detailed statistics for public.part
2015-10-06 12:05:01 EDT [28857]: [6-1] user=mark,db=dbt3,app=psql,client=[local] STATEMENT:  VACUUM ANALYZE part;
2015-10-06 12:05:13 EDT [28862]: [1-1] user=mark,db=dbt3,app=psql,client=[local] LOG:  Getting relation statistics for public.customer
2015-10-06 12:05:13 EDT [28862]: [2-1] user=mark,db=dbt3,app=psql,client=[local] STATEMENT:  VACUUM ANALYZE customer;
2015-10-06 12:05:15 EDT [28862]: [3-1] user=mark,db=dbt3,app=psql,client=[local] LOG:  Getting relation statistics for public.customer
2015-10-06 12:05:15 EDT [28862]: [4-1] user=mark,db=dbt3,app=psql,client=[local] STATEMENT:  VACUUM ANALYZE customer;
2015-10-06 12:05:15 EDT [28862]: [5-1] user=mark,db=dbt3,app=psql,client=[local] LOG:  Getting detailed statistics for public.customer
2015-10-06 12:05:15 EDT [28862]: [6-1] user=mark,db=dbt3,app=psql,client=[local] STATEMENT:  VACUUM ANALYZE customer;
2015-10-06 12:06:03 EDT [28907]: [1-1] user=mark,db=dbt3,app=psql,client=[local] LOG:  process 28907 still waiting for ShareLock on relation 16393 of database 16386 after 1000.049 ms
2015-10-06 12:06:03 EDT [28907]: [2-1] user=mark,db=dbt3,app=psql,client=[local] DETAIL:  Process holding the lock: 28905. Wait queue: 28907.
2015-10-06 12:06:03 EDT [28907]: [3-1] user=mark,db=dbt3,app=psql,client=[local] STATEMENT:  
	CREATE INDEX partsupp_ps_suppkey_idx
	ON partsupp (ps_suppkey);
2015-10-06 12:06:14 EDT [28907]: [4-1] user=mark,db=dbt3,app=psql,client=[local] LOG:  process 28907 acquired ShareLock on relation 16393 of database 16386 after 12175.554 ms
2015-10-06 12:06:14 EDT [28907]: [5-1] user=mark,db=dbt3,app=psql,client=[local] STATEMENT:  
	CREATE INDEX partsupp_ps_suppkey_idx
	ON partsupp (ps_suppkey);
2015-10-06 12:06:29 EDT [28914]: [1-1] user=mark,db=dbt3,app=psql,client=[local] LOG:  Getting relation statistics for public.partsupp
2015-10-06 12:06:29 EDT [28914]: [2-1] user=mark,db=dbt3,app=psql,client=[local] STATEMENT:  VACUUM ANALYZE partsupp;
2015-10-06 12:06:29 EDT [28914]: [3-1] user=mark,db=dbt3,app=psql,client=[local] LOG:  Getting relation statistics for public.partsupp
2015-10-06 12:06:29 EDT [28914]: [4-1] user=mark,db=dbt3,app=psql,client=[local] STATEMENT:  VACUUM ANALYZE partsupp;
2015-10-06 12:06:30 EDT [28914]: [5-1] user=mark,db=dbt3,app=psql,client=[local] LOG:  Getting detailed statistics for public.partsupp
2015-10-06 12:06:30 EDT [28914]: [6-1] user=mark,db=dbt3,app=psql,client=[local] STATEMENT:  VACUUM ANALYZE partsupp;
2015-10-06 12:07:15 EDT [28467]: [5-1] user=,db=,app=,client= LOG:  checkpoint starting: time
2015-10-06 12:07:34 EDT [28467]: [6-1] user=,db=,app=,client= LOG:  checkpoint complete: wrote 87 buffers (0.1%); 0 transaction log file(s) added, 0 removed, 0 recycled; write=8.748 s, sync=9.492 s, total=19.599 s; sync files=45, longest=0.666 s, average=0.210 s; distance=393 kB, estimate=393 kB
2015-10-06 12:07:41 EDT [28959]: [1-1] user=mark,db=dbt3,app=psql,client=[local] LOG:  process 28959 still waiting for ShareLock on relation 16399 of database 16386 after 1000.044 ms
2015-10-06 12:07:41 EDT [28959]: [2-1] user=mark,db=dbt3,app=psql,client=[local] DETAIL:  Process holding the lock: 28960. Wait queue: 28959, 28958.
2015-10-06 12:07:41 EDT [28959]: [3-1] user=mark,db=dbt3,app=psql,client=[local] STATEMENT:  
	CREATE INDEX orders_o_orderkey_o_orderdate_idx
	ON orders (o_orderkey, o_orderdate);
2015-10-06 12:07:41 EDT [28958]: [1-1] user=mark,db=dbt3,app=psql,client=[local] LOG:  process 28958 still waiting for ShareLock on relation 16399 of database 16386 after 1000.044 ms
2015-10-06 12:07:41 EDT [28958]: [2-1] user=mark,db=dbt3,app=psql,client=[local] DETAIL:  Process holding the lock: 28960. Wait queue: 28959, 28958.
2015-10-06 12:07:41 EDT [28958]: [3-1] user=mark,db=dbt3,app=psql,client=[local] STATEMENT:  
	CREATE INDEX orders_o_orderdate_o_orderkey_idx
	ON orders (o_orderdate, o_orderkey);
2015-10-06 12:07:52 EDT [28959]: [4-1] user=mark,db=dbt3,app=psql,client=[local] LOG:  process 28959 acquired ShareLock on relation 16399 of database 16386 after 11794.620 ms
2015-10-06 12:07:52 EDT [28959]: [5-1] user=mark,db=dbt3,app=psql,client=[local] STATEMENT:  
	CREATE INDEX orders_o_orderkey_o_orderdate_idx
	ON orders (o_orderkey, o_orderdate);
2015-10-06 12:07:52 EDT [28958]: [4-1] user=mark,db=dbt3,app=psql,client=[local] LOG:  process 28958 acquired ShareLock on relation 16399 of database 16386 after 11789.029 ms
2015-10-06 12:07:52 EDT [28958]: [5-1] user=mark,db=dbt3,app=psql,client=[local] STATEMENT:  
	CREATE INDEX orders_o_orderdate_o_orderkey_idx
	ON orders (o_orderdate, o_orderkey);
2015-10-06 12:08:18 EDT [29006]: [1-1] user=mark,db=dbt3,app=psql,client=[local] LOG:  Getting relation statistics for public.orders
2015-10-06 12:08:18 EDT [29006]: [2-1] user=mark,db=dbt3,app=psql,client=[local] STATEMENT:  VACUUM ANALYZE orders;
2015-10-06 12:08:18 EDT [29006]: [3-1] user=mark,db=dbt3,app=psql,client=[local] LOG:  Getting relation statistics for public.orders
2015-10-06 12:08:18 EDT [29006]: [4-1] user=mark,db=dbt3,app=psql,client=[local] STATEMENT:  VACUUM ANALYZE orders;
2015-10-06 12:08:18 EDT [29006]: [5-1] user=mark,db=dbt3,app=psql,client=[local] LOG:  Getting detailed statistics for public.orders
2015-10-06 12:08:18 EDT [29006]: [6-1] user=mark,db=dbt3,app=psql,client=[local] STATEMENT:  VACUUM ANALYZE orders;
2015-10-06 12:11:55 EDT [29172]: [1-1] user=mark,db=dbt3,app=psql,client=[local] LOG:  process 29172 still waiting for AccessExclusiveLock on relation 16402 of database 16386 after 1000.052 ms
2015-10-06 12:11:55 EDT [29172]: [2-1] user=mark,db=dbt3,app=psql,client=[local] DETAIL:  Process holding the lock: 29173. Wait queue: 29172, 29171, 29175, 29179, 29181, 29182, 29180.
2015-10-06 12:11:55 EDT [29172]: [3-1] user=mark,db=dbt3,app=psql,client=[local] STATEMENT:  
	ALTER TABLE lineitem
	ADD CONSTRAINT pk_lineitem PRIMARY KEY (l_orderkey, l_linenumber);
2015-10-06 12:11:55 EDT [29171]: [1-1] user=mark,db=dbt3,app=psql,client=[local] LOG:  process 29171 still waiting for ShareLock on relation 16402 of database 16386 after 1000.046 ms
2015-10-06 12:11:55 EDT [29171]: [2-1] user=mark,db=dbt3,app=psql,client=[local] DETAIL:  Process holding the lock: 29173. Wait queue: 29172, 29171, 29175, 29179, 29181, 29182, 29180.
2015-10-06 12:11:55 EDT [29171]: [3-1] user=mark,db=dbt3,app=psql,client=[local] STATEMENT:  
	CREATE INDEX lineitem_l_partkey_l_quantity_l_shipmode_idx
	ON lineitem (l_partkey, l_quantity, l_shipmode);
2015-10-06 12:11:55 EDT [29175]: [1-1] user=mark,db=dbt3,app=psql,client=[local] LOG:  process 29175 still waiting for ShareLock on relation 16402 of database 16386 after 1000.037 ms
2015-10-06 12:11:55 EDT [29175]: [2-1] user=mark,db=dbt3,app=psql,client=[local] DETAIL:  Process holding the lock: 29173. Wait queue: 29172, 29171, 29175, 29179, 29181, 29182, 29180.
2015-10-06 12:11:55 EDT [29175]: [3-1] user=mark,db=dbt3,app=psql,client=[local] STATEMENT:  
	CREATE INDEX lineitem_l_orderkey_idx
	ON lineitem (l_orderkey);
2015-10-06 12:11:55 EDT [29179]: [1-1] user=mark,db=dbt3,app=psql,client=[local] LOG:  process 29179 still waiting for ShareLock on relation 16402 of database 16386 after 1000.034 ms
2015-10-06 12:11:55 EDT [29179]: [2-1] user=mark,db=dbt3,app=psql,client=[local] DETAIL:  Process holding the lock: 29173. Wait queue: 29172, 29171, 29175, 29179, 29181, 29182, 29180.
2015-10-06 12:11:55 EDT [29179]: [3-1] user=mark,db=dbt3,app=psql,client=[local] STATEMENT:  
	CREATE INDEX lineitem_l_orderkey_idx_l_returnflag
	ON lineitem (l_orderkey)
	WHERE l_returnflag = 'R';
2015-10-06 12:11:55 EDT [29181]: [1-1] user=mark,db=dbt3,app=psql,client=[local] LOG:  process 29181 still waiting for ShareLock on relation 16402 of database 16386 after 1000.025 ms
2015-10-06 12:11:55 EDT [29181]: [2-1] user=mark,db=dbt3,app=psql,client=[local] DETAIL:  Process holding the lock: 29173. Wait queue: 29172, 29171, 29175, 29179, 29181, 29182, 29180.
2015-10-06 12:11:55 EDT [29181]: [3-1] user=mark,db=dbt3,app=psql,client=[local] STATEMENT:  
	CREATE INDEX lineitem_l_orderkey_l_linenumber_l_shipdate_idx
	ON lineitem (l_orderkey, l_linenumber, l_shipdate);
2015-10-06 12:11:55 EDT [29182]: [1-1] user=mark,db=dbt3,app=psql,client=[local] LOG:  process 29182 still waiting for ShareLock on relation 16402 of database 16386 after 1000.027 ms
2015-10-06 12:11:55 EDT [29182]: [2-1] user=mark,db=dbt3,app=psql,client=[local] DETAIL:  Process holding the lock: 29173. Wait queue: 29172, 29171, 29175, 29179, 29181, 29182, 29180.
2015-10-06 12:11:55 EDT [29182]: [3-1] user=mark,db=dbt3,app=psql,client=[local] STATEMENT:  
	CREATE INDEX lineitem_l_orderkey_idx_part2
	ON lineitem (l_orderkey)
	WHERE l_commitdate < l_receiptdate
	  AND l_shipdate < l_commitdate;
2015-10-06 12:11:55 EDT [29180]: [1-1] user=mark,db=dbt3,app=psql,client=[local] LOG:  process 29180 still waiting for ShareLock on relation 16402 of database 16386 after 1000.041 ms
2015-10-06 12:11:55 EDT [29180]: [2-1] user=mark,db=dbt3,app=psql,client=[local] DETAIL:  Process holding the lock: 29173. Wait queue: 29172, 29171, 29175, 29179, 29181, 29182, 29180.
2015-10-06 12:11:55 EDT [29180]: [3-1] user=mark,db=dbt3,app=psql,client=[local] STATEMENT:  
	CREATE INDEX lineitem_l_orderkey_idx_part1
	ON lineitem (l_orderkey)
	WHERE l_commitdate < l_receiptdate;
2015-10-06 12:12:15 EDT [28467]: [7-1] user=,db=,app=,client= LOG:  checkpoint starting: time
2015-10-06 12:12:18 EDT [28467]: [8-1] user=,db=,app=,client= LOG:  checkpoint complete: wrote 32 buffers (0.0%); 0 transaction log file(s) added, 0 removed, 0 recycled; write=3.108 s, sync=0.091 s, total=3.220 s; sync files=23, longest=0.009 s, average=0.003 s; distance=151 kB, estimate=369 kB
2015-10-06 12:13:25 EDT [29172]: [4-1] user=mark,db=dbt3,app=psql,client=[local] LOG:  process 29172 acquired AccessExclusiveLock on relation 16402 of database 16386 after 91294.056 ms
2015-10-06 12:13:25 EDT [29172]: [5-1] user=mark,db=dbt3,app=psql,client=[local] STATEMENT:  
	ALTER TABLE lineitem
	ADD CONSTRAINT pk_lineitem PRIMARY KEY (l_orderkey, l_linenumber);
2015-10-06 12:14:00 EDT [29171]: [4-1] user=mark,db=dbt3,app=psql,client=[local] LOG:  process 29171 acquired ShareLock on relation 16402 of database 16386 after 125753.631 ms
2015-10-06 12:14:00 EDT [29171]: [5-1] user=mark,db=dbt3,app=psql,client=[local] STATEMENT:  
	CREATE INDEX lineitem_l_partkey_l_quantity_l_shipmode_idx
	ON lineitem (l_partkey, l_quantity, l_shipmode);
2015-10-06 12:14:00 EDT [29179]: [4-1] user=mark,db=dbt3,app=psql,client=[local] LOG:  process 29179 acquired ShareLock on relation 16402 of database 16386 after 125750.895 ms
2015-10-06 12:14:00 EDT [29179]: [5-1] user=mark,db=dbt3,app=psql,client=[local] STATEMENT:  
	CREATE INDEX lineitem_l_orderkey_idx_l_returnflag
	ON lineitem (l_orderkey)
	WHERE l_returnflag = 'R';
2015-10-06 12:14:00 EDT [29175]: [4-1] user=mark,db=dbt3,app=psql,client=[local] LOG:  process 29175 acquired ShareLock on relation 16402 of database 16386 after 125752.815 ms
2015-10-06 12:14:00 EDT [29175]: [5-1] user=mark,db=dbt3,app=psql,client=[local] STATEMENT:  
	CREATE INDEX lineitem_l_orderkey_idx
	ON lineitem (l_orderkey);
2015-10-06 12:14:00 EDT [29182]: [4-1] user=mark,db=dbt3,app=psql,client=[local] LOG:  process 29182 acquired ShareLock on relation 16402 of database 16386 after 125750.891 ms
2015-10-06 12:14:00 EDT [29182]: [5-1] user=mark,db=dbt3,app=psql,client=[local] STATEMENT:  
	CREATE INDEX lineitem_l_orderkey_idx_part2
	ON lineitem (l_orderkey)
	WHERE l_commitdate < l_receiptdate
	  AND l_shipdate < l_commitdate;
2015-10-06 12:14:00 EDT [29180]: [4-1] user=mark,db=dbt3,app=psql,client=[local] LOG:  process 29180 acquired ShareLock on relation 16402 of database 16386 after 125749.991 ms
2015-10-06 12:14:00 EDT [29180]: [5-1] user=mark,db=dbt3,app=psql,client=[local] STATEMENT:  
	CREATE INDEX lineitem_l_orderkey_idx_part1
	ON lineitem (l_orderkey)
	WHERE l_commitdate < l_receiptdate;
2015-10-06 12:14:00 EDT [29181]: [4-1] user=mark,db=dbt3,app=psql,client=[local] LOG:  process 29181 acquired ShareLock on relation 16402 of database 16386 after 125750.935 ms
2015-10-06 12:14:00 EDT [29181]: [5-1] user=mark,db=dbt3,app=psql,client=[local] STATEMENT:  
	CREATE INDEX lineitem_l_orderkey_l_linenumber_l_shipdate_idx
	ON lineitem (l_orderkey, l_linenumber, l_shipdate);
2015-10-06 12:17:16 EDT [28467]: [9-1] user=,db=,app=,client= LOG:  checkpoint starting: time
2015-10-06 12:17:19 EDT [28467]: [10-1] user=,db=,app=,client= LOG:  checkpoint complete: wrote 31 buffers (0.0%); 0 transaction log file(s) added, 0 removed, 0 recycled; write=3.006 s, sync=0.073 s, total=3.110 s; sync files=18, longest=0.008 s, average=0.004 s; distance=154 kB, estimate=348 kB
2015-10-06 12:17:20 EDT [29365]: [1-1] user=mark,db=dbt3,app=psql,client=[local] LOG:  Getting relation statistics for public.lineitem
2015-10-06 12:17:20 EDT [29365]: [2-1] user=mark,db=dbt3,app=psql,client=[local] STATEMENT:  VACUUM ANALYZE lineitem;
2015-10-06 12:17:20 EDT [29365]: [3-1] user=mark,db=dbt3,app=psql,client=[local] LOG:  Getting relation statistics for public.lineitem
2015-10-06 12:17:20 EDT [29365]: [4-1] user=mark,db=dbt3,app=psql,client=[local] STATEMENT:  VACUUM ANALYZE lineitem;
2015-10-06 12:17:20 EDT [29365]: [5-1] user=mark,db=dbt3,app=psql,client=[local] LOG:  Getting detailed statistics for public.lineitem
2015-10-06 12:17:20 EDT [29365]: [6-1] user=mark,db=dbt3,app=psql,client=[local] STATEMENT:  VACUUM ANALYZE lineitem;
2015-10-06 12:17:25 EDT [28464]: [2-1] user=,db=,app=,client= LOG:  received fast shutdown request
2015-10-06 12:17:25 EDT [28464]: [3-1] user=,db=,app=,client= LOG:  aborting any active transactions
2015-10-06 12:17:25 EDT [28470]: [2-1] user=,db=,app=,client= LOG:  autovacuum launcher shutting down
2015-10-06 12:17:25 EDT [28467]: [11-1] user=,db=,app=,client= LOG:  shutting down
2015-10-06 12:17:25 EDT [28467]: [12-1] user=,db=,app=,client= LOG:  checkpoint starting: shutdown immediate
2015-10-06 12:17:25 EDT [28467]: [13-1] user=,db=,app=,client= LOG:  checkpoint complete: wrote 48 buffers (0.1%); 0 transaction log file(s) added, 0 removed, 0 recycled; write=0.001 s, sync=0.194 s, total=0.243 s; sync files=23, longest=0.012 s, average=0.008 s; distance=203 kB, estimate=333 kB
2015-10-06 12:17:25 EDT [28467]: [14-1] user=,db=,app=,client= LOG:  database system is shut down
